<?xml version="1.0" encoding="UTF-8"?>
<!-- Generated by org.testng.reporters.JUnitReportReporter -->
<testsuite hostname="DESKTOP-ONVTQR1" failures="0" tests="5" name="hack2skill_assignment_testcases.brokenImages" time="8.198" errors="0" timestamp="2023-07-19T03:44:00 IST" skipped="0">
  <testcase classname="hack2skill_assignment_testcases.brokenImages" name="Validate_Forth_Image_link_with_statusCode" time="0.860"/>
  <system-out/>
  <testcase classname="hack2skill_assignment_testcases.brokenImages" name="find_all_image_links" time="0.380"/>
  <system-out/>
  <testcase classname="hack2skill_assignment_testcases.brokenImages" name="Validate_Second_Image_link_with_statusCode" time="0.805"/>
  <system-out/>
  <testcase classname="hack2skill_assignment_testcases.brokenImages" name="Validate_First_Image_link_with_statusCode" time="5.419"/>
  <system-out/>
  <testcase classname="hack2skill_assignment_testcases.brokenImages" name="Validate_Third_Image_link_with_statusCode" time="0.734"/>
  <system-out/>
</testsuite> <!-- hack2skill_assignment_testcases.brokenImages -->
