<?xml version="1.0" encoding="UTF-8"?>
<!-- Generated by org.testng.reporters.JUnitReportReporter -->
<testsuite hostname="DESKTOP-ONVTQR1" failures="0" tests="1" name="hack2skill_assignment_testcases.uploadingAnyFile" time="24.974" errors="0" timestamp="2023-07-19T03:44:00 IST" skipped="0">
  <testcase classname="hack2skill_assignment_testcases.uploadingAnyFile" name="uploading_any_file_by_robot_class" time="24.974"/>
  <system-out/>
</testsuite> <!-- hack2skill_assignment_testcases.uploadingAnyFile -->
